<?xml version="1.0" encoding="UTF-8"?>
<!-- Generated by org.testng.reporters.JUnitXMLReporter -->
<testsuite ignored="3" hostname="DESKTOP-0I6CSJR" failures="0" tests="1" name="Default test" time="25.207" errors="0" timestamp="2026-02-09T17:39:41 IST">
  <testcase classname="tests.LoginTest" name="validLoginTest" time="10.854"/>
  <testcase classname="tests.LoginTest" name="addEmployee" time="0.0">
    <ignored/>
  </testcase> <!-- addEmployee -->
  <testcase classname="tests.LoginTest" name="invalidlogin" time="0.0">
    <ignored/>
  </testcase> <!-- invalidlogin -->
  <testcase classname="tests.LoginTest" name="searchEmployee" time="0.0">
    <ignored/>
  </testcase> <!-- searchEmployee -->
</testsuite> <!-- Default test -->
