<?xml version="1.0" encoding="UTF-8"?>
<testng-results ignored="3" total="4" passed="1" failed="0" skipped="0">
  <reporter-output>
  </reporter-output>
  <suite started-at="2026-02-09T17:39:16 IST" name="Default suite" finished-at="2026-02-09T17:39:41 IST" duration-ms="25207">
    <groups>
    </groups>
    <test started-at="2026-02-09T17:39:16 IST" name="Default test" finished-at="2026-02-09T17:39:41 IST" duration-ms="25207">
      <class name="tests.LoginTest">
        <test-method is-config="true" signature="setUp()[pri:0, instance:tests.LoginTest@5aa9e4eb]" started-at="2026-02-09T17:39:16 IST" name="setUp" finished-at="2026-02-09T17:39:26 IST" duration-ms="9740" status="PASS">
          <reporter-output>
          </reporter-output>
        </test-method> <!-- setUp -->
        <test-method signature="validLoginTest()[pri:2, instance:tests.LoginTest@5aa9e4eb]" started-at="2026-02-09T17:39:26 IST" name="validLoginTest" finished-at="2026-02-09T17:39:37 IST" duration-ms="10854" status="PASS">
          <reporter-output>
          </reporter-output>
        </test-method> <!-- validLoginTest -->
        <test-method is-config="true" signature="tearDown()[pri:0, instance:tests.LoginTest@5aa9e4eb]" started-at="2026-02-09T17:39:37 IST" name="tearDown" finished-at="2026-02-09T17:39:41 IST" duration-ms="4548" status="PASS">
          <reporter-output>
          </reporter-output>
        </test-method> <!-- tearDown -->
      </class> <!-- tests.LoginTest -->
    </test> <!-- Default test -->
  </suite> <!-- Default suite -->
</testng-results>
